The system is: Linux - 4.10.0-35-generic - x86_64
Compiling the C compiler identification source file "CMakeCCompilerId.c" succeeded.
Compiler: /usr/bin/cc 
Build flags: 
Id flags: 

The output was:
0


Compilation of the C compiler identification source "CMakeCCompilerId.c" produced "a.out"

The C compiler identification is GNU, found in "/home/don_vanchos/CAPSYS/libs/MathGL/mathgl-2.4.1-linux-build/CMakeFiles/3.7.2/CompilerIdC/a.out"

Compiling the CXX compiler identification source file "CMakeCXXCompilerId.cpp" succeeded.
Compiler: /usr/bin/c++ 
Build flags: 
Id flags: 

The output was:
0


Compilation of the CXX compiler identification source "CMakeCXXCompilerId.cpp" produced "a.out"

The CXX compiler identification is GNU, found in "/home/don_vanchos/CAPSYS/libs/MathGL/mathgl-2.4.1-linux-build/CMakeFiles/3.7.2/CompilerIdCXX/a.out"

Determining if the C compiler works passed with the following output:
Change Dir: /home/don_vanchos/CAPSYS/libs/MathGL/mathgl-2.4.1-linux-build//CMakeFiles/CMakeTmp

Run Build Command:"/usr/bin/make" "cmTC_c020f/fast"
/usr/bin/make -f CMakeFiles/cmTC_c020f.dir/build.make CMakeFiles/cmTC_c020f.dir/build
make[1]: Entering directory '/home/don_vanchos/CAPSYS/libs/MathGL/mathgl-2.4.1-linux-build/CMakeFiles/CMakeTmp'
Building C object CMakeFiles/cmTC_c020f.dir/testCCompiler.c.o
/usr/bin/cc     -o CMakeFiles/cmTC_c020f.dir/testCCompiler.c.o   -c /home/don_vanchos/CAPSYS/libs/MathGL/mathgl-2.4.1-linux-build/CMakeFiles/CMakeTmp/testCCompiler.c
Linking C executable cmTC_c020f
/usr/bin/cmake -E cmake_link_script CMakeFiles/cmTC_c020f.dir/link.txt --verbose=1
/usr/bin/cc       CMakeFiles/cmTC_c020f.dir/testCCompiler.c.o  -o cmTC_c020f -rdynamic 
make[1]: Leaving directory '/home/don_vanchos/CAPSYS/libs/MathGL/mathgl-2.4.1-linux-build/CMakeFiles/CMakeTmp'


Detecting C compiler ABI info compiled with the following output:
Change Dir: /home/don_vanchos/CAPSYS/libs/MathGL/mathgl-2.4.1-linux-build//CMakeFiles/CMakeTmp

Run Build Command:"/usr/bin/make" "cmTC_e6fc8/fast"
/usr/bin/make -f CMakeFiles/cmTC_e6fc8.dir/build.make CMakeFiles/cmTC_e6fc8.dir/build
make[1]: Entering directory '/home/don_vanchos/CAPSYS/libs/MathGL/mathgl-2.4.1-linux-build/CMakeFiles/CMakeTmp'
Building C object CMakeFiles/cmTC_e6fc8.dir/CMakeCCompilerABI.c.o
/usr/bin/cc     -o CMakeFiles/cmTC_e6fc8.dir/CMakeCCompilerABI.c.o   -c /usr/share/cmake-3.7/Modules/CMakeCCompilerABI.c
Linking C executable cmTC_e6fc8
/usr/bin/cmake -E cmake_link_script CMakeFiles/cmTC_e6fc8.dir/link.txt --verbose=1
/usr/bin/cc      -v CMakeFiles/cmTC_e6fc8.dir/CMakeCCompilerABI.c.o  -o cmTC_e6fc8 -rdynamic  
Using built-in specs.
COLLECT_GCC=/usr/bin/cc
COLLECT_LTO_WRAPPER=/usr/lib/gcc/x86_64-linux-gnu/6/lto-wrapper
Target: x86_64-linux-gnu
Configured with: ../src/configure -v --with-pkgversion='Ubuntu 6.3.0-12ubuntu2' --with-bugurl=file:///usr/share/doc/gcc-6/README.Bugs --enable-languages=c,ada,c++,java,go,d,fortran,objc,obj-c++ --prefix=/usr --program-suffix=-6 --program-prefix=x86_64-linux-gnu- --enable-shared --enable-linker-build-id --libexecdir=/usr/lib --without-included-gettext --enable-threads=posix --libdir=/usr/lib --enable-nls --with-sysroot=/ --enable-clocale=gnu --enable-libstdcxx-debug --enable-libstdcxx-time=yes --with-default-libstdcxx-abi=new --enable-gnu-unique-object --disable-vtable-verify --enable-libmpx --enable-plugin --enable-default-pie --with-system-zlib --disable-browser-plugin --enable-java-awt=gtk --enable-gtk-cairo --with-java-home=/usr/lib/jvm/java-1.5.0-gcj-6-amd64/jre --enable-java-home --with-jvm-root-dir=/usr/lib/jvm/java-1.5.0-gcj-6-amd64 --with-jvm-jar-dir=/usr/lib/jvm-exports/java-1.5.0-gcj-6-amd64 --with-arch-directory=amd64 --with-ecj-jar=/usr/share/java/eclipse-ecj.jar --with-target-system-zlib --enable-objc-gc=auto --enable-multiarch --disable-werror --with-arch-32=i686 --with-abi=m64 --with-multilib-list=m32,m64,mx32 --enable-multilib --with-tune=generic --enable-checking=release --build=x86_64-linux-gnu --host=x86_64-linux-gnu --target=x86_64-linux-gnu
Thread model: posix
gcc version 6.3.0 20170406 (Ubuntu 6.3.0-12ubuntu2) 
COMPILER_PATH=/usr/lib/gcc/x86_64-linux-gnu/6/:/usr/lib/gcc/x86_64-linux-gnu/6/:/usr/lib/gcc/x86_64-linux-gnu/:/usr/lib/gcc/x86_64-linux-gnu/6/:/usr/lib/gcc/x86_64-linux-gnu/
LIBRARY_PATH=/usr/lib/gcc/x86_64-linux-gnu/6/:/usr/lib/gcc/x86_64-linux-gnu/6/../../../x86_64-linux-gnu/:/usr/lib/gcc/x86_64-linux-gnu/6/../../../../lib/:/lib/x86_64-linux-gnu/:/lib/../lib/:/usr/lib/x86_64-linux-gnu/:/usr/lib/../lib/:/usr/lib/gcc/x86_64-linux-gnu/6/../../../:/lib/:/usr/lib/
COLLECT_GCC_OPTIONS='-v' '-o' 'cmTC_e6fc8' '-rdynamic' '-mtune=generic' '-march=x86-64'
 /usr/lib/gcc/x86_64-linux-gnu/6/collect2 -plugin /usr/lib/gcc/x86_64-linux-gnu/6/liblto_plugin.so -plugin-opt=/usr/lib/gcc/x86_64-linux-gnu/6/lto-wrapper -plugin-opt=-fresolution=/tmp/ccLCbzYV.res -plugin-opt=-pass-through=-lgcc -plugin-opt=-pass-through=-lgcc_s -plugin-opt=-pass-through=-lc -plugin-opt=-pass-through=-lgcc -plugin-opt=-pass-through=-lgcc_s --sysroot=/ --build-id --eh-frame-hdr -m elf_x86_64 --hash-style=gnu --as-needed -export-dynamic -dynamic-linker /lib64/ld-linux-x86-64.so.2 -pie -z now -z relro -o cmTC_e6fc8 /usr/lib/gcc/x86_64-linux-gnu/6/../../../x86_64-linux-gnu/Scrt1.o /usr/lib/gcc/x86_64-linux-gnu/6/../../../x86_64-linux-gnu/crti.o /usr/lib/gcc/x86_64-linux-gnu/6/crtbeginS.o -L/usr/lib/gcc/x86_64-linux-gnu/6 -L/usr/lib/gcc/x86_64-linux-gnu/6/../../../x86_64-linux-gnu -L/usr/lib/gcc/x86_64-linux-gnu/6/../../../../lib -L/lib/x86_64-linux-gnu -L/lib/../lib -L/usr/lib/x86_64-linux-gnu -L/usr/lib/../lib -L/usr/lib/gcc/x86_64-linux-gnu/6/../../.. CMakeFiles/cmTC_e6fc8.dir/CMakeCCompilerABI.c.o -lgcc --as-needed -lgcc_s --no-as-needed -lc -lgcc --as-needed -lgcc_s --no-as-needed /usr/lib/gcc/x86_64-linux-gnu/6/crtendS.o /usr/lib/gcc/x86_64-linux-gnu/6/../../../x86_64-linux-gnu/crtn.o
COLLECT_GCC_OPTIONS='-v' '-o' 'cmTC_e6fc8' '-rdynamic' '-mtune=generic' '-march=x86-64'
make[1]: Leaving directory '/home/don_vanchos/CAPSYS/libs/MathGL/mathgl-2.4.1-linux-build/CMakeFiles/CMakeTmp'


Parsed C implicit link information from above output:
  link line regex: [^( *|.*[/\])(ld|([^/\]+-)?ld|collect2)[^/\]*( |$)]
  ignore line: [Change Dir: /home/don_vanchos/CAPSYS/libs/MathGL/mathgl-2.4.1-linux-build//CMakeFiles/CMakeTmp]
  ignore line: []
  ignore line: [Run Build Command:"/usr/bin/make" "cmTC_e6fc8/fast"]
  ignore line: [/usr/bin/make -f CMakeFiles/cmTC_e6fc8.dir/build.make CMakeFiles/cmTC_e6fc8.dir/build]
  ignore line: [make[1]: Entering directory '/home/don_vanchos/CAPSYS/libs/MathGL/mathgl-2.4.1-linux-build/CMakeFiles/CMakeTmp']
  ignore line: [Building C object CMakeFiles/cmTC_e6fc8.dir/CMakeCCompilerABI.c.o]
  ignore line: [/usr/bin/cc     -o CMakeFiles/cmTC_e6fc8.dir/CMakeCCompilerABI.c.o   -c /usr/share/cmake-3.7/Modules/CMakeCCompilerABI.c]
  ignore line: [Linking C executable cmTC_e6fc8]
  ignore line: [/usr/bin/cmake -E cmake_link_script CMakeFiles/cmTC_e6fc8.dir/link.txt --verbose=1]
  ignore line: [/usr/bin/cc      -v CMakeFiles/cmTC_e6fc8.dir/CMakeCCompilerABI.c.o  -o cmTC_e6fc8 -rdynamic  ]
  ignore line: [Using built-in specs.]
  ignore line: [COLLECT_GCC=/usr/bin/cc]
  ignore line: [COLLECT_LTO_WRAPPER=/usr/lib/gcc/x86_64-linux-gnu/6/lto-wrapper]
  ignore line: [Target: x86_64-linux-gnu]
  ignore line: [Configured with: ../src/configure -v --with-pkgversion='Ubuntu 6.3.0-12ubuntu2' --with-bugurl=file:///usr/share/doc/gcc-6/README.Bugs --enable-languages=c,ada,c++,java,go,d,fortran,objc,obj-c++ --prefix=/usr --program-suffix=-6 --program-prefix=x86_64-linux-gnu- --enable-shared --enable-linker-build-id --libexecdir=/usr/lib --without-included-gettext --enable-threads=posix --libdir=/usr/lib --enable-nls --with-sysroot=/ --enable-clocale=gnu --enable-libstdcxx-debug --enable-libstdcxx-time=yes --with-default-libstdcxx-abi=new --enable-gnu-unique-object --disable-vtable-verify --enable-libmpx --enable-plugin --enable-default-pie --with-system-zlib --disable-browser-plugin --enable-java-awt=gtk --enable-gtk-cairo --with-java-home=/usr/lib/jvm/java-1.5.0-gcj-6-amd64/jre --enable-java-home --with-jvm-root-dir=/usr/lib/jvm/java-1.5.0-gcj-6-amd64 --with-jvm-jar-dir=/usr/lib/jvm-exports/java-1.5.0-gcj-6-amd64 --with-arch-directory=amd64 --with-ecj-jar=/usr/share/java/eclipse-ecj.jar --with-target-system-zlib --enable-objc-gc=auto --enable-multiarch --disable-werror --with-arch-32=i686 --with-abi=m64 --with-multilib-list=m32,m64,mx32 --enable-multilib --with-tune=generic --enable-checking=release --build=x86_64-linux-gnu --host=x86_64-linux-gnu --target=x86_64-linux-gnu]
  ignore line: [Thread model: posix]
  ignore line: [gcc version 6.3.0 20170406 (Ubuntu 6.3.0-12ubuntu2) ]
  ignore line: [COMPILER_PATH=/usr/lib/gcc/x86_64-linux-gnu/6/:/usr/lib/gcc/x86_64-linux-gnu/6/:/usr/lib/gcc/x86_64-linux-gnu/:/usr/lib/gcc/x86_64-linux-gnu/6/:/usr/lib/gcc/x86_64-linux-gnu/]
  ignore line: [LIBRARY_PATH=/usr/lib/gcc/x86_64-linux-gnu/6/:/usr/lib/gcc/x86_64-linux-gnu/6/../../../x86_64-linux-gnu/:/usr/lib/gcc/x86_64-linux-gnu/6/../../../../lib/:/lib/x86_64-linux-gnu/:/lib/../lib/:/usr/lib/x86_64-linux-gnu/:/usr/lib/../lib/:/usr/lib/gcc/x86_64-linux-gnu/6/../../../:/lib/:/usr/lib/]
  ignore line: [COLLECT_GCC_OPTIONS='-v' '-o' 'cmTC_e6fc8' '-rdynamic' '-mtune=generic' '-march=x86-64']
  link line: [ /usr/lib/gcc/x86_64-linux-gnu/6/collect2 -plugin /usr/lib/gcc/x86_64-linux-gnu/6/liblto_plugin.so -plugin-opt=/usr/lib/gcc/x86_64-linux-gnu/6/lto-wrapper -plugin-opt=-fresolution=/tmp/ccLCbzYV.res -plugin-opt=-pass-through=-lgcc -plugin-opt=-pass-through=-lgcc_s -plugin-opt=-pass-through=-lc -plugin-opt=-pass-through=-lgcc -plugin-opt=-pass-through=-lgcc_s --sysroot=/ --build-id --eh-frame-hdr -m elf_x86_64 --hash-style=gnu --as-needed -export-dynamic -dynamic-linker /lib64/ld-linux-x86-64.so.2 -pie -z now -z relro -o cmTC_e6fc8 /usr/lib/gcc/x86_64-linux-gnu/6/../../../x86_64-linux-gnu/Scrt1.o /usr/lib/gcc/x86_64-linux-gnu/6/../../../x86_64-linux-gnu/crti.o /usr/lib/gcc/x86_64-linux-gnu/6/crtbeginS.o -L/usr/lib/gcc/x86_64-linux-gnu/6 -L/usr/lib/gcc/x86_64-linux-gnu/6/../../../x86_64-linux-gnu -L/usr/lib/gcc/x86_64-linux-gnu/6/../../../../lib -L/lib/x86_64-linux-gnu -L/lib/../lib -L/usr/lib/x86_64-linux-gnu -L/usr/lib/../lib -L/usr/lib/gcc/x86_64-linux-gnu/6/../../.. CMakeFiles/cmTC_e6fc8.dir/CMakeCCompilerABI.c.o -lgcc --as-needed -lgcc_s --no-as-needed -lc -lgcc --as-needed -lgcc_s --no-as-needed /usr/lib/gcc/x86_64-linux-gnu/6/crtendS.o /usr/lib/gcc/x86_64-linux-gnu/6/../../../x86_64-linux-gnu/crtn.o]
    arg [/usr/lib/gcc/x86_64-linux-gnu/6/collect2] ==> ignore
    arg [-plugin] ==> ignore
    arg [/usr/lib/gcc/x86_64-linux-gnu/6/liblto_plugin.so] ==> ignore
    arg [-plugin-opt=/usr/lib/gcc/x86_64-linux-gnu/6/lto-wrapper] ==> ignore
    arg [-plugin-opt=-fresolution=/tmp/ccLCbzYV.res] ==> ignore
    arg [-plugin-opt=-pass-through=-lgcc] ==> ignore
    arg [-plugin-opt=-pass-through=-lgcc_s] ==> ignore
    arg [-plugin-opt=-pass-through=-lc] ==> ignore
    arg [-plugin-opt=-pass-through=-lgcc] ==> ignore
    arg [-plugin-opt=-pass-through=-lgcc_s] ==> ignore
    arg [--sysroot=/] ==> ignore
    arg [--build-id] ==> ignore
    arg [--eh-frame-hdr] ==> ignore
    arg [-m] ==> ignore
    arg [elf_x86_64] ==> ignore
    arg [--hash-style=gnu] ==> ignore
    arg [--as-needed] ==> ignore
    arg [-export-dynamic] ==> ignore
    arg [-dynamic-linker] ==> ignore
    arg [/lib64/ld-linux-x86-64.so.2] ==> ignore
    arg [-pie] ==> ignore
    arg [-znow] ==> ignore
    arg [-zrelro] ==> ignore
    arg [-o] ==> ignore
    arg [cmTC_e6fc8] ==> ignore
    arg [/usr/lib/gcc/x86_64-linux-gnu/6/../../../x86_64-linux-gnu/Scrt1.o] ==> ignore
    arg [/usr/lib/gcc/x86_64-linux-gnu/6/../../../x86_64-linux-gnu/crti.o] ==> ignore
    arg [/usr/lib/gcc/x86_64-linux-gnu/6/crtbeginS.o] ==> ignore
    arg [-L/usr/lib/gcc/x86_64-linux-gnu/6] ==> dir [/usr/lib/gcc/x86_64-linux-gnu/6]
    arg [-L/usr/lib/gcc/x86_64-linux-gnu/6/../../../x86_64-linux-gnu] ==> dir [/usr/lib/gcc/x86_64-linux-gnu/6/../../../x86_64-linux-gnu]
    arg [-L/usr/lib/gcc/x86_64-linux-gnu/6/../../../../lib] ==> dir [/usr/lib/gcc/x86_64-linux-gnu/6/../../../../lib]
    arg [-L/lib/x86_64-linux-gnu] ==> dir [/lib/x86_64-linux-gnu]
    arg [-L/lib/../lib] ==> dir [/lib/../lib]
    arg [-L/usr/lib/x86_64-linux-gnu] ==> dir [/usr/lib/x86_64-linux-gnu]
    arg [-L/usr/lib/../lib] ==> dir [/usr/lib/../lib]
    arg [-L/usr/lib/gcc/x86_64-linux-gnu/6/../../..] ==> dir [/usr/lib/gcc/x86_64-linux-gnu/6/../../..]
    arg [CMakeFiles/cmTC_e6fc8.dir/CMakeCCompilerABI.c.o] ==> ignore
    arg [-lgcc] ==> lib [gcc]
    arg [--as-needed] ==> ignore
    arg [-lgcc_s] ==> lib [gcc_s]
    arg [--no-as-needed] ==> ignore
    arg [-lc] ==> lib [c]
    arg [-lgcc] ==> lib [gcc]
    arg [--as-needed] ==> ignore
    arg [-lgcc_s] ==> lib [gcc_s]
    arg [--no-as-needed] ==> ignore
    arg [/usr/lib/gcc/x86_64-linux-gnu/6/crtendS.o] ==> ignore
    arg [/usr/lib/gcc/x86_64-linux-gnu/6/../../../x86_64-linux-gnu/crtn.o] ==> ignore
  remove lib [gcc]
  remove lib [gcc_s]
  remove lib [gcc]
  remove lib [gcc_s]
  collapse library dir [/usr/lib/gcc/x86_64-linux-gnu/6] ==> [/usr/lib/gcc/x86_64-linux-gnu/6]
  collapse library dir [/usr/lib/gcc/x86_64-linux-gnu/6/../../../x86_64-linux-gnu] ==> [/usr/lib/x86_64-linux-gnu]
  collapse library dir [/usr/lib/gcc/x86_64-linux-gnu/6/../../../../lib] ==> [/usr/lib]
  collapse library dir [/lib/x86_64-linux-gnu] ==> [/lib/x86_64-linux-gnu]
  collapse library dir [/lib/../lib] ==> [/lib]
  collapse library dir [/usr/lib/x86_64-linux-gnu] ==> [/usr/lib/x86_64-linux-gnu]
  collapse library dir [/usr/lib/../lib] ==> [/usr/lib]
  collapse library dir [/usr/lib/gcc/x86_64-linux-gnu/6/../../..] ==> [/usr/lib]
  implicit libs: [c]
  implicit dirs: [/usr/lib/gcc/x86_64-linux-gnu/6;/usr/lib/x86_64-linux-gnu;/usr/lib;/lib/x86_64-linux-gnu;/lib]
  implicit fwks: []




Detecting C [-std=c11] compiler features compiled with the following output:
Change Dir: /home/don_vanchos/CAPSYS/libs/MathGL/mathgl-2.4.1-linux-build//CMakeFiles/CMakeTmp

Run Build Command:"/usr/bin/make" "cmTC_56305/fast"
/usr/bin/make -f CMakeFiles/cmTC_56305.dir/build.make CMakeFiles/cmTC_56305.dir/build
make[1]: Entering directory '/home/don_vanchos/CAPSYS/libs/MathGL/mathgl-2.4.1-linux-build/CMakeFiles/CMakeTmp'
Building C object CMakeFiles/cmTC_56305.dir/feature_tests.c.o
/usr/bin/cc    -std=c11 -o CMakeFiles/cmTC_56305.dir/feature_tests.c.o   -c /home/don_vanchos/CAPSYS/libs/MathGL/mathgl-2.4.1-linux-build/CMakeFiles/feature_tests.c
Linking C executable cmTC_56305
/usr/bin/cmake -E cmake_link_script CMakeFiles/cmTC_56305.dir/link.txt --verbose=1
/usr/bin/cc       CMakeFiles/cmTC_56305.dir/feature_tests.c.o  -o cmTC_56305 -rdynamic 
make[1]: Leaving directory '/home/don_vanchos/CAPSYS/libs/MathGL/mathgl-2.4.1-linux-build/CMakeFiles/CMakeTmp'


    Feature record: C_FEATURE:1c_function_prototypes
    Feature record: C_FEATURE:1c_restrict
    Feature record: C_FEATURE:1c_static_assert
    Feature record: C_FEATURE:1c_variadic_macros


Detecting C [-std=c99] compiler features compiled with the following output:
Change Dir: /home/don_vanchos/CAPSYS/libs/MathGL/mathgl-2.4.1-linux-build//CMakeFiles/CMakeTmp

Run Build Command:"/usr/bin/make" "cmTC_aa9be/fast"
/usr/bin/make -f CMakeFiles/cmTC_aa9be.dir/build.make CMakeFiles/cmTC_aa9be.dir/build
make[1]: Entering directory '/home/don_vanchos/CAPSYS/libs/MathGL/mathgl-2.4.1-linux-build/CMakeFiles/CMakeTmp'
Building C object CMakeFiles/cmTC_aa9be.dir/feature_tests.c.o
/usr/bin/cc    -std=c99 -o CMakeFiles/cmTC_aa9be.dir/feature_tests.c.o   -c /home/don_vanchos/CAPSYS/libs/MathGL/mathgl-2.4.1-linux-build/CMakeFiles/feature_tests.c
Linking C executable cmTC_aa9be
/usr/bin/cmake -E cmake_link_script CMakeFiles/cmTC_aa9be.dir/link.txt --verbose=1
/usr/bin/cc       CMakeFiles/cmTC_aa9be.dir/feature_tests.c.o  -o cmTC_aa9be -rdynamic 
make[1]: Leaving directory '/home/don_vanchos/CAPSYS/libs/MathGL/mathgl-2.4.1-linux-build/CMakeFiles/CMakeTmp'


    Feature record: C_FEATURE:1c_function_prototypes
    Feature record: C_FEATURE:1c_restrict
    Feature record: C_FEATURE:0c_static_assert
    Feature record: C_FEATURE:1c_variadic_macros


Detecting C [-std=c90] compiler features compiled with the following output:
Change Dir: /home/don_vanchos/CAPSYS/libs/MathGL/mathgl-2.4.1-linux-build//CMakeFiles/CMakeTmp

Run Build Command:"/usr/bin/make" "cmTC_7a9ad/fast"
/usr/bin/make -f CMakeFiles/cmTC_7a9ad.dir/build.make CMakeFiles/cmTC_7a9ad.dir/build
make[1]: Entering directory '/home/don_vanchos/CAPSYS/libs/MathGL/mathgl-2.4.1-linux-build/CMakeFiles/CMakeTmp'
Building C object CMakeFiles/cmTC_7a9ad.dir/feature_tests.c.o
/usr/bin/cc    -std=c90 -o CMakeFiles/cmTC_7a9ad.dir/feature_tests.c.o   -c /home/don_vanchos/CAPSYS/libs/MathGL/mathgl-2.4.1-linux-build/CMakeFiles/feature_tests.c
Linking C executable cmTC_7a9ad
/usr/bin/cmake -E cmake_link_script CMakeFiles/cmTC_7a9ad.dir/link.txt --verbose=1
/usr/bin/cc       CMakeFiles/cmTC_7a9ad.dir/feature_tests.c.o  -o cmTC_7a9ad -rdynamic 
make[1]: Leaving directory '/home/don_vanchos/CAPSYS/libs/MathGL/mathgl-2.4.1-linux-build/CMakeFiles/CMakeTmp'


    Feature record: C_FEATURE:1c_function_prototypes
    Feature record: C_FEATURE:0c_restrict
    Feature record: C_FEATURE:0c_static_assert
    Feature record: C_FEATURE:0c_variadic_macros
Determining if the CXX compiler works passed with the following output:
Change Dir: /home/don_vanchos/CAPSYS/libs/MathGL/mathgl-2.4.1-linux-build//CMakeFiles/CMakeTmp

Run Build Command:"/usr/bin/make" "cmTC_845d7/fast"
/usr/bin/make -f CMakeFiles/cmTC_845d7.dir/build.make CMakeFiles/cmTC_845d7.dir/build
make[1]: Entering directory '/home/don_vanchos/CAPSYS/libs/MathGL/mathgl-2.4.1-linux-build/CMakeFiles/CMakeTmp'
Building CXX object CMakeFiles/cmTC_845d7.dir/testCXXCompiler.cxx.o
/usr/bin/c++      -o CMakeFiles/cmTC_845d7.dir/testCXXCompiler.cxx.o -c /home/don_vanchos/CAPSYS/libs/MathGL/mathgl-2.4.1-linux-build/CMakeFiles/CMakeTmp/testCXXCompiler.cxx
Linking CXX executable cmTC_845d7
/usr/bin/cmake -E cmake_link_script CMakeFiles/cmTC_845d7.dir/link.txt --verbose=1
/usr/bin/c++        CMakeFiles/cmTC_845d7.dir/testCXXCompiler.cxx.o  -o cmTC_845d7 -rdynamic 
make[1]: Leaving directory '/home/don_vanchos/CAPSYS/libs/MathGL/mathgl-2.4.1-linux-build/CMakeFiles/CMakeTmp'


Detecting CXX compiler ABI info compiled with the following output:
Change Dir: /home/don_vanchos/CAPSYS/libs/MathGL/mathgl-2.4.1-linux-build//CMakeFiles/CMakeTmp

Run Build Command:"/usr/bin/make" "cmTC_e883d/fast"
/usr/bin/make -f CMakeFiles/cmTC_e883d.dir/build.make CMakeFiles/cmTC_e883d.dir/build
make[1]: Entering directory '/home/don_vanchos/CAPSYS/libs/MathGL/mathgl-2.4.1-linux-build/CMakeFiles/CMakeTmp'
Building CXX object CMakeFiles/cmTC_e883d.dir/CMakeCXXCompilerABI.cpp.o
/usr/bin/c++      -o CMakeFiles/cmTC_e883d.dir/CMakeCXXCompilerABI.cpp.o -c /usr/share/cmake-3.7/Modules/CMakeCXXCompilerABI.cpp
Linking CXX executable cmTC_e883d
/usr/bin/cmake -E cmake_link_script CMakeFiles/cmTC_e883d.dir/link.txt --verbose=1
/usr/bin/c++       -v CMakeFiles/cmTC_e883d.dir/CMakeCXXCompilerABI.cpp.o  -o cmTC_e883d -rdynamic  
Using built-in specs.
COLLECT_GCC=/usr/bin/c++
COLLECT_LTO_WRAPPER=/usr/lib/gcc/x86_64-linux-gnu/6/lto-wrapper
Target: x86_64-linux-gnu
Configured with: ../src/configure -v --with-pkgversion='Ubuntu 6.3.0-12ubuntu2' --with-bugurl=file:///usr/share/doc/gcc-6/README.Bugs --enable-languages=c,ada,c++,java,go,d,fortran,objc,obj-c++ --prefix=/usr --program-suffix=-6 --program-prefix=x86_64-linux-gnu- --enable-shared --enable-linker-build-id --libexecdir=/usr/lib --without-included-gettext --enable-threads=posix --libdir=/usr/lib --enable-nls --with-sysroot=/ --enable-clocale=gnu --enable-libstdcxx-debug --enable-libstdcxx-time=yes --with-default-libstdcxx-abi=new --enable-gnu-unique-object --disable-vtable-verify --enable-libmpx --enable-plugin --enable-default-pie --with-system-zlib --disable-browser-plugin --enable-java-awt=gtk --enable-gtk-cairo --with-java-home=/usr/lib/jvm/java-1.5.0-gcj-6-amd64/jre --enable-java-home --with-jvm-root-dir=/usr/lib/jvm/java-1.5.0-gcj-6-amd64 --with-jvm-jar-dir=/usr/lib/jvm-exports/java-1.5.0-gcj-6-amd64 --with-arch-directory=amd64 --with-ecj-jar=/usr/share/java/eclipse-ecj.jar --with-target-system-zlib --enable-objc-gc=auto --enable-multiarch --disable-werror --with-arch-32=i686 --with-abi=m64 --with-multilib-list=m32,m64,mx32 --enable-multilib --with-tune=generic --enable-checking=release --build=x86_64-linux-gnu --host=x86_64-linux-gnu --target=x86_64-linux-gnu
Thread model: posix
gcc version 6.3.0 20170406 (Ubuntu 6.3.0-12ubuntu2) 
COMPILER_PATH=/usr/lib/gcc/x86_64-linux-gnu/6/:/usr/lib/gcc/x86_64-linux-gnu/6/:/usr/lib/gcc/x86_64-linux-gnu/:/usr/lib/gcc/x86_64-linux-gnu/6/:/usr/lib/gcc/x86_64-linux-gnu/
LIBRARY_PATH=/usr/lib/gcc/x86_64-linux-gnu/6/:/usr/lib/gcc/x86_64-linux-gnu/6/../../../x86_64-linux-gnu/:/usr/lib/gcc/x86_64-linux-gnu/6/../../../../lib/:/lib/x86_64-linux-gnu/:/lib/../lib/:/usr/lib/x86_64-linux-gnu/:/usr/lib/../lib/:/usr/lib/gcc/x86_64-linux-gnu/6/../../../:/lib/:/usr/lib/
COLLECT_GCC_OPTIONS='-v' '-o' 'cmTC_e883d' '-rdynamic' '-shared-libgcc' '-mtune=generic' '-march=x86-64'
 /usr/lib/gcc/x86_64-linux-gnu/6/collect2 -plugin /usr/lib/gcc/x86_64-linux-gnu/6/liblto_plugin.so -plugin-opt=/usr/lib/gcc/x86_64-linux-gnu/6/lto-wrapper -plugin-opt=-fresolution=/tmp/ccdBrldE.res -plugin-opt=-pass-through=-lgcc_s -plugin-opt=-pass-through=-lgcc -plugin-opt=-pass-through=-lc -plugin-opt=-pass-through=-lgcc_s -plugin-opt=-pass-through=-lgcc --sysroot=/ --build-id --eh-frame-hdr -m elf_x86_64 --hash-style=gnu --as-needed -export-dynamic -dynamic-linker /lib64/ld-linux-x86-64.so.2 -pie -z now -z relro -o cmTC_e883d /usr/lib/gcc/x86_64-linux-gnu/6/../../../x86_64-linux-gnu/Scrt1.o /usr/lib/gcc/x86_64-linux-gnu/6/../../../x86_64-linux-gnu/crti.o /usr/lib/gcc/x86_64-linux-gnu/6/crtbeginS.o -L/usr/lib/gcc/x86_64-linux-gnu/6 -L/usr/lib/gcc/x86_64-linux-gnu/6/../../../x86_64-linux-gnu -L/usr/lib/gcc/x86_64-linux-gnu/6/../../../../lib -L/lib/x86_64-linux-gnu -L/lib/../lib -L/usr/lib/x86_64-linux-gnu -L/usr/lib/../lib -L/usr/lib/gcc/x86_64-linux-gnu/6/../../.. CMakeFiles/cmTC_e883d.dir/CMakeCXXCompilerABI.cpp.o -lstdc++ -lm -lgcc_s -lgcc -lc -lgcc_s -lgcc /usr/lib/gcc/x86_64-linux-gnu/6/crtendS.o /usr/lib/gcc/x86_64-linux-gnu/6/../../../x86_64-linux-gnu/crtn.o
COLLECT_GCC_OPTIONS='-v' '-o' 'cmTC_e883d' '-rdynamic' '-shared-libgcc' '-mtune=generic' '-march=x86-64'
make[1]: Leaving directory '/home/don_vanchos/CAPSYS/libs/MathGL/mathgl-2.4.1-linux-build/CMakeFiles/CMakeTmp'


Parsed CXX implicit link information from above output:
  link line regex: [^( *|.*[/\])(ld|([^/\]+-)?ld|collect2)[^/\]*( |$)]
  ignore line: [Change Dir: /home/don_vanchos/CAPSYS/libs/MathGL/mathgl-2.4.1-linux-build//CMakeFiles/CMakeTmp]
  ignore line: []
  ignore line: [Run Build Command:"/usr/bin/make" "cmTC_e883d/fast"]
  ignore line: [/usr/bin/make -f CMakeFiles/cmTC_e883d.dir/build.make CMakeFiles/cmTC_e883d.dir/build]
  ignore line: [make[1]: Entering directory '/home/don_vanchos/CAPSYS/libs/MathGL/mathgl-2.4.1-linux-build/CMakeFiles/CMakeTmp']
  ignore line: [Building CXX object CMakeFiles/cmTC_e883d.dir/CMakeCXXCompilerABI.cpp.o]
  ignore line: [/usr/bin/c++      -o CMakeFiles/cmTC_e883d.dir/CMakeCXXCompilerABI.cpp.o -c /usr/share/cmake-3.7/Modules/CMakeCXXCompilerABI.cpp]
  ignore line: [Linking CXX executable cmTC_e883d]
  ignore line: [/usr/bin/cmake -E cmake_link_script CMakeFiles/cmTC_e883d.dir/link.txt --verbose=1]
  ignore line: [/usr/bin/c++       -v CMakeFiles/cmTC_e883d.dir/CMakeCXXCompilerABI.cpp.o  -o cmTC_e883d -rdynamic  ]
  ignore line: [Using built-in specs.]
  ignore line: [COLLECT_GCC=/usr/bin/c++]
  ignore line: [COLLECT_LTO_WRAPPER=/usr/lib/gcc/x86_64-linux-gnu/6/lto-wrapper]
  ignore line: [Target: x86_64-linux-gnu]
  ignore line: [Configured with: ../src/configure -v --with-pkgversion='Ubuntu 6.3.0-12ubuntu2' --with-bugurl=file:///usr/share/doc/gcc-6/README.Bugs --enable-languages=c,ada,c++,java,go,d,fortran,objc,obj-c++ --prefix=/usr --program-suffix=-6 --program-prefix=x86_64-linux-gnu- --enable-shared --enable-linker-build-id --libexecdir=/usr/lib --without-included-gettext --enable-threads=posix --libdir=/usr/lib --enable-nls --with-sysroot=/ --enable-clocale=gnu --enable-libstdcxx-debug --enable-libstdcxx-time=yes --with-default-libstdcxx-abi=new --enable-gnu-unique-object --disable-vtable-verify --enable-libmpx --enable-plugin --enable-default-pie --with-system-zlib --disable-browser-plugin --enable-java-awt=gtk --enable-gtk-cairo --with-java-home=/usr/lib/jvm/java-1.5.0-gcj-6-amd64/jre --enable-java-home --with-jvm-root-dir=/usr/lib/jvm/java-1.5.0-gcj-6-amd64 --with-jvm-jar-dir=/usr/lib/jvm-exports/java-1.5.0-gcj-6-amd64 --with-arch-directory=amd64 --with-ecj-jar=/usr/share/java/eclipse-ecj.jar --with-target-system-zlib --enable-objc-gc=auto --enable-multiarch --disable-werror --with-arch-32=i686 --with-abi=m64 --with-multilib-list=m32,m64,mx32 --enable-multilib --with-tune=generic --enable-checking=release --build=x86_64-linux-gnu --host=x86_64-linux-gnu --target=x86_64-linux-gnu]
  ignore line: [Thread model: posix]
  ignore line: [gcc version 6.3.0 20170406 (Ubuntu 6.3.0-12ubuntu2) ]
  ignore line: [COMPILER_PATH=/usr/lib/gcc/x86_64-linux-gnu/6/:/usr/lib/gcc/x86_64-linux-gnu/6/:/usr/lib/gcc/x86_64-linux-gnu/:/usr/lib/gcc/x86_64-linux-gnu/6/:/usr/lib/gcc/x86_64-linux-gnu/]
  ignore line: [LIBRARY_PATH=/usr/lib/gcc/x86_64-linux-gnu/6/:/usr/lib/gcc/x86_64-linux-gnu/6/../../../x86_64-linux-gnu/:/usr/lib/gcc/x86_64-linux-gnu/6/../../../../lib/:/lib/x86_64-linux-gnu/:/lib/../lib/:/usr/lib/x86_64-linux-gnu/:/usr/lib/../lib/:/usr/lib/gcc/x86_64-linux-gnu/6/../../../:/lib/:/usr/lib/]
  ignore line: [COLLECT_GCC_OPTIONS='-v' '-o' 'cmTC_e883d' '-rdynamic' '-shared-libgcc' '-mtune=generic' '-march=x86-64']
  link line: [ /usr/lib/gcc/x86_64-linux-gnu/6/collect2 -plugin /usr/lib/gcc/x86_64-linux-gnu/6/liblto_plugin.so -plugin-opt=/usr/lib/gcc/x86_64-linux-gnu/6/lto-wrapper -plugin-opt=-fresolution=/tmp/ccdBrldE.res -plugin-opt=-pass-through=-lgcc_s -plugin-opt=-pass-through=-lgcc -plugin-opt=-pass-through=-lc -plugin-opt=-pass-through=-lgcc_s -plugin-opt=-pass-through=-lgcc --sysroot=/ --build-id --eh-frame-hdr -m elf_x86_64 --hash-style=gnu --as-needed -export-dynamic -dynamic-linker /lib64/ld-linux-x86-64.so.2 -pie -z now -z relro -o cmTC_e883d /usr/lib/gcc/x86_64-linux-gnu/6/../../../x86_64-linux-gnu/Scrt1.o /usr/lib/gcc/x86_64-linux-gnu/6/../../../x86_64-linux-gnu/crti.o /usr/lib/gcc/x86_64-linux-gnu/6/crtbeginS.o -L/usr/lib/gcc/x86_64-linux-gnu/6 -L/usr/lib/gcc/x86_64-linux-gnu/6/../../../x86_64-linux-gnu -L/usr/lib/gcc/x86_64-linux-gnu/6/../../../../lib -L/lib/x86_64-linux-gnu -L/lib/../lib -L/usr/lib/x86_64-linux-gnu -L/usr/lib/../lib -L/usr/lib/gcc/x86_64-linux-gnu/6/../../.. CMakeFiles/cmTC_e883d.dir/CMakeCXXCompilerABI.cpp.o -lstdc++ -lm -lgcc_s -lgcc -lc -lgcc_s -lgcc /usr/lib/gcc/x86_64-linux-gnu/6/crtendS.o /usr/lib/gcc/x86_64-linux-gnu/6/../../../x86_64-linux-gnu/crtn.o]
    arg [/usr/lib/gcc/x86_64-linux-gnu/6/collect2] ==> ignore
    arg [-plugin] ==> ignore
    arg [/usr/lib/gcc/x86_64-linux-gnu/6/liblto_plugin.so] ==> ignore
    arg [-plugin-opt=/usr/lib/gcc/x86_64-linux-gnu/6/lto-wrapper] ==> ignore
    arg [-plugin-opt=-fresolution=/tmp/ccdBrldE.res] ==> ignore
    arg [-plugin-opt=-pass-through=-lgcc_s] ==> ignore
    arg [-plugin-opt=-pass-through=-lgcc] ==> ignore
    arg [-plugin-opt=-pass-through=-lc] ==> ignore
    arg [-plugin-opt=-pass-through=-lgcc_s] ==> ignore
    arg [-plugin-opt=-pass-through=-lgcc] ==> ignore
    arg [--sysroot=/] ==> ignore
    arg [--build-id] ==> ignore
    arg [--eh-frame-hdr] ==> ignore
    arg [-m] ==> ignore
    arg [elf_x86_64] ==> ignore
    arg [--hash-style=gnu] ==> ignore
    arg [--as-needed] ==> ignore
    arg [-export-dynamic] ==> ignore
    arg [-dynamic-linker] ==> ignore
    arg [/lib64/ld-linux-x86-64.so.2] ==> ignore
    arg [-pie] ==> ignore
    arg [-znow] ==> ignore
    arg [-zrelro] ==> ignore
    arg [-o] ==> ignore
    arg [cmTC_e883d] ==> ignore
    arg [/usr/lib/gcc/x86_64-linux-gnu/6/../../../x86_64-linux-gnu/Scrt1.o] ==> ignore
    arg [/usr/lib/gcc/x86_64-linux-gnu/6/../../../x86_64-linux-gnu/crti.o] ==> ignore
    arg [/usr/lib/gcc/x86_64-linux-gnu/6/crtbeginS.o] ==> ignore
    arg [-L/usr/lib/gcc/x86_64-linux-gnu/6] ==> dir [/usr/lib/gcc/x86_64-linux-gnu/6]
    arg [-L/usr/lib/gcc/x86_64-linux-gnu/6/../../../x86_64-linux-gnu] ==> dir [/usr/lib/gcc/x86_64-linux-gnu/6/../../../x86_64-linux-gnu]
    arg [-L/usr/lib/gcc/x86_64-linux-gnu/6/../../../../lib] ==> dir [/usr/lib/gcc/x86_64-linux-gnu/6/../../../../lib]
    arg [-L/lib/x86_64-linux-gnu] ==> dir [/lib/x86_64-linux-gnu]
    arg [-L/lib/../lib] ==> dir [/lib/../lib]
    arg [-L/usr/lib/x86_64-linux-gnu] ==> dir [/usr/lib/x86_64-linux-gnu]
    arg [-L/usr/lib/../lib] ==> dir [/usr/lib/../lib]
    arg [-L/usr/lib/gcc/x86_64-linux-gnu/6/../../..] ==> dir [/usr/lib/gcc/x86_64-linux-gnu/6/../../..]
    arg [CMakeFiles/cmTC_e883d.dir/CMakeCXXCompilerABI.cpp.o] ==> ignore
    arg [-lstdc++] ==> lib [stdc++]
    arg [-lm] ==> lib [m]
    arg [-lgcc_s] ==> lib [gcc_s]
    arg [-lgcc] ==> lib [gcc]
    arg [-lc] ==> lib [c]
    arg [-lgcc_s] ==> lib [gcc_s]
    arg [-lgcc] ==> lib [gcc]
    arg [/usr/lib/gcc/x86_64-linux-gnu/6/crtendS.o] ==> ignore
    arg [/usr/lib/gcc/x86_64-linux-gnu/6/../../../x86_64-linux-gnu/crtn.o] ==> ignore
  remove lib [gcc_s]
  remove lib [gcc]
  remove lib [gcc_s]
  remove lib [gcc]
  collapse library dir [/usr/lib/gcc/x86_64-linux-gnu/6] ==> [/usr/lib/gcc/x86_64-linux-gnu/6]
  collapse library dir [/usr/lib/gcc/x86_64-linux-gnu/6/../../../x86_64-linux-gnu] ==> [/usr/lib/x86_64-linux-gnu]
  collapse library dir [/usr/lib/gcc/x86_64-linux-gnu/6/../../../../lib] ==> [/usr/lib]
  collapse library dir [/lib/x86_64-linux-gnu] ==> [/lib/x86_64-linux-gnu]
  collapse library dir [/lib/../lib] ==> [/lib]
  collapse library dir [/usr/lib/x86_64-linux-gnu] ==> [/usr/lib/x86_64-linux-gnu]
  collapse library dir [/usr/lib/../lib] ==> [/usr/lib]
  collapse library dir [/usr/lib/gcc/x86_64-linux-gnu/6/../../..] ==> [/usr/lib]
  implicit libs: [stdc++;m;c]
  implicit dirs: [/usr/lib/gcc/x86_64-linux-gnu/6;/usr/lib/x86_64-linux-gnu;/usr/lib;/lib/x86_64-linux-gnu;/lib]
  implicit fwks: []




Detecting CXX [-std=c++14] compiler features compiled with the following output:
Change Dir: /home/don_vanchos/CAPSYS/libs/MathGL/mathgl-2.4.1-linux-build//CMakeFiles/CMakeTmp

Run Build Command:"/usr/bin/make" "cmTC_7c19a/fast"
/usr/bin/make -f CMakeFiles/cmTC_7c19a.dir/build.make CMakeFiles/cmTC_7c19a.dir/build
make[1]: Entering directory '/home/don_vanchos/CAPSYS/libs/MathGL/mathgl-2.4.1-linux-build/CMakeFiles/CMakeTmp'
Building CXX object CMakeFiles/cmTC_7c19a.dir/feature_tests.cxx.o
/usr/bin/c++     -std=c++14 -o CMakeFiles/cmTC_7c19a.dir/feature_tests.cxx.o -c /home/don_vanchos/CAPSYS/libs/MathGL/mathgl-2.4.1-linux-build/CMakeFiles/feature_tests.cxx
Linking CXX executable cmTC_7c19a
/usr/bin/cmake -E cmake_link_script CMakeFiles/cmTC_7c19a.dir/link.txt --verbose=1
/usr/bin/c++        CMakeFiles/cmTC_7c19a.dir/feature_tests.cxx.o  -o cmTC_7c19a -rdynamic 
make[1]: Leaving directory '/home/don_vanchos/CAPSYS/libs/MathGL/mathgl-2.4.1-linux-build/CMakeFiles/CMakeTmp'


    Feature record: CXX_FEATURE:1cxx_aggregate_default_initializers
    Feature record: CXX_FEATURE:1cxx_alias_templates
    Feature record: CXX_FEATURE:1cxx_alignas
    Feature record: CXX_FEATURE:1cxx_alignof
    Feature record: CXX_FEATURE:1cxx_attributes
    Feature record: CXX_FEATURE:1cxx_attribute_deprecated
    Feature record: CXX_FEATURE:1cxx_auto_type
    Feature record: CXX_FEATURE:1cxx_binary_literals
    Feature record: CXX_FEATURE:1cxx_constexpr
    Feature record: CXX_FEATURE:1cxx_contextual_conversions
    Feature record: CXX_FEATURE:1cxx_decltype
    Feature record: CXX_FEATURE:1cxx_decltype_auto
    Feature record: CXX_FEATURE:1cxx_decltype_incomplete_return_types
    Feature record: CXX_FEATURE:1cxx_default_function_template_args
    Feature record: CXX_FEATURE:1cxx_defaulted_functions
    Feature record: CXX_FEATURE:1cxx_defaulted_move_initializers
    Feature record: CXX_FEATURE:1cxx_delegating_constructors
    Feature record: CXX_FEATURE:1cxx_deleted_functions
    Feature record: CXX_FEATURE:1cxx_digit_separators
    Feature record: CXX_FEATURE:1cxx_enum_forward_declarations
    Feature record: CXX_FEATURE:1cxx_explicit_conversions
    Feature record: CXX_FEATURE:1cxx_extended_friend_declarations
    Feature record: CXX_FEATURE:1cxx_extern_templates
    Feature record: CXX_FEATURE:1cxx_final
    Feature record: CXX_FEATURE:1cxx_func_identifier
    Feature record: CXX_FEATURE:1cxx_generalized_initializers
    Feature record: CXX_FEATURE:1cxx_generic_lambdas
    Feature record: CXX_FEATURE:1cxx_inheriting_constructors
    Feature record: CXX_FEATURE:1cxx_inline_namespaces
    Feature record: CXX_FEATURE:1cxx_lambdas
    Feature record: CXX_FEATURE:1cxx_lambda_init_captures
    Feature record: CXX_FEATURE:1cxx_local_type_template_args
    Feature record: CXX_FEATURE:1cxx_long_long_type
    Feature record: CXX_FEATURE:1cxx_noexcept
    Feature record: CXX_FEATURE:1cxx_nonstatic_member_init
    Feature record: CXX_FEATURE:1cxx_nullptr
    Feature record: CXX_FEATURE:1cxx_override
    Feature record: CXX_FEATURE:1cxx_range_for
    Feature record: CXX_FEATURE:1cxx_raw_string_literals
    Feature record: CXX_FEATURE:1cxx_reference_qualified_functions
    Feature record: CXX_FEATURE:1cxx_relaxed_constexpr
    Feature record: CXX_FEATURE:1cxx_return_type_deduction
    Feature record: CXX_FEATURE:1cxx_right_angle_brackets
    Feature record: CXX_FEATURE:1cxx_rvalue_references
    Feature record: CXX_FEATURE:1cxx_sizeof_member
    Feature record: CXX_FEATURE:1cxx_static_assert
    Feature record: CXX_FEATURE:1cxx_strong_enums
    Feature record: CXX_FEATURE:1cxx_template_template_parameters
    Feature record: CXX_FEATURE:1cxx_thread_local
    Feature record: CXX_FEATURE:1cxx_trailing_return_types
    Feature record: CXX_FEATURE:1cxx_unicode_literals
    Feature record: CXX_FEATURE:1cxx_uniform_initialization
    Feature record: CXX_FEATURE:1cxx_unrestricted_unions
    Feature record: CXX_FEATURE:1cxx_user_literals
    Feature record: CXX_FEATURE:1cxx_variable_templates
    Feature record: CXX_FEATURE:1cxx_variadic_macros
    Feature record: CXX_FEATURE:1cxx_variadic_templates


Detecting CXX [-std=c++11] compiler features compiled with the following output:
Change Dir: /home/don_vanchos/CAPSYS/libs/MathGL/mathgl-2.4.1-linux-build//CMakeFiles/CMakeTmp

Run Build Command:"/usr/bin/make" "cmTC_4e86c/fast"
/usr/bin/make -f CMakeFiles/cmTC_4e86c.dir/build.make CMakeFiles/cmTC_4e86c.dir/build
make[1]: Entering directory '/home/don_vanchos/CAPSYS/libs/MathGL/mathgl-2.4.1-linux-build/CMakeFiles/CMakeTmp'
Building CXX object CMakeFiles/cmTC_4e86c.dir/feature_tests.cxx.o
/usr/bin/c++     -std=c++11 -o CMakeFiles/cmTC_4e86c.dir/feature_tests.cxx.o -c /home/don_vanchos/CAPSYS/libs/MathGL/mathgl-2.4.1-linux-build/CMakeFiles/feature_tests.cxx
Linking CXX executable cmTC_4e86c
/usr/bin/cmake -E cmake_link_script CMakeFiles/cmTC_4e86c.dir/link.txt --verbose=1
/usr/bin/c++        CMakeFiles/cmTC_4e86c.dir/feature_tests.cxx.o  -o cmTC_4e86c -rdynamic 
make[1]: Leaving directory '/home/don_vanchos/CAPSYS/libs/MathGL/mathgl-2.4.1-linux-build/CMakeFiles/CMakeTmp'


    Feature record: CXX_FEATURE:0cxx_aggregate_default_initializers
    Feature record: CXX_FEATURE:1cxx_alias_templates
    Feature record: CXX_FEATURE:1cxx_alignas
    Feature record: CXX_FEATURE:1cxx_alignof
    Feature record: CXX_FEATURE:1cxx_attributes
    Feature record: CXX_FEATURE:0cxx_attribute_deprecated
    Feature record: CXX_FEATURE:1cxx_auto_type
    Feature record: CXX_FEATURE:0cxx_binary_literals
    Feature record: CXX_FEATURE:1cxx_constexpr
    Feature record: CXX_FEATURE:0cxx_contextual_conversions
    Feature record: CXX_FEATURE:1cxx_decltype
    Feature record: CXX_FEATURE:0cxx_decltype_auto
    Feature record: CXX_FEATURE:1cxx_decltype_incomplete_return_types
    Feature record: CXX_FEATURE:1cxx_default_function_template_args
    Feature record: CXX_FEATURE:1cxx_defaulted_functions
    Feature record: CXX_FEATURE:1cxx_defaulted_move_initializers
    Feature record: CXX_FEATURE:1cxx_delegating_constructors
    Feature record: CXX_FEATURE:1cxx_deleted_functions
    Feature record: CXX_FEATURE:0cxx_digit_separators
    Feature record: CXX_FEATURE:1cxx_enum_forward_declarations
    Feature record: CXX_FEATURE:1cxx_explicit_conversions
    Feature record: CXX_FEATURE:1cxx_extended_friend_declarations
    Feature record: CXX_FEATURE:1cxx_extern_templates
    Feature record: CXX_FEATURE:1cxx_final
    Feature record: CXX_FEATURE:1cxx_func_identifier
    Feature record: CXX_FEATURE:1cxx_generalized_initializers
    Feature record: CXX_FEATURE:0cxx_generic_lambdas
    Feature record: CXX_FEATURE:1cxx_inheriting_constructors
    Feature record: CXX_FEATURE:1cxx_inline_namespaces
    Feature record: CXX_FEATURE:1cxx_lambdas
    Feature record: CXX_FEATURE:0cxx_lambda_init_captures
    Feature record: CXX_FEATURE:1cxx_local_type_template_args
    Feature record: CXX_FEATURE:1cxx_long_long_type
    Feature record: CXX_FEATURE:1cxx_noexcept
    Feature record: CXX_FEATURE:1cxx_nonstatic_member_init
    Feature record: CXX_FEATURE:1cxx_nullptr
    Feature record: CXX_FEATURE:1cxx_override
    Feature record: CXX_FEATURE:1cxx_range_for
    Feature record: CXX_FEATURE:1cxx_raw_string_literals
    Feature record: CXX_FEATURE:1cxx_reference_qualified_functions
    Feature record: CXX_FEATURE:0cxx_relaxed_constexpr
    Feature record: CXX_FEATURE:0cxx_return_type_deduction
    Feature record: CXX_FEATURE:1cxx_right_angle_brackets
    Feature record: CXX_FEATURE:1cxx_rvalue_references
    Feature record: CXX_FEATURE:1cxx_sizeof_member
    Feature record: CXX_FEATURE:1cxx_static_assert
    Feature record: CXX_FEATURE:1cxx_strong_enums
    Feature record: CXX_FEATURE:1cxx_template_template_parameters
    Feature record: CXX_FEATURE:1cxx_thread_local
    Feature record: CXX_FEATURE:1cxx_trailing_return_types
    Feature record: CXX_FEATURE:1cxx_unicode_literals
    Feature record: CXX_FEATURE:1cxx_uniform_initialization
    Feature record: CXX_FEATURE:1cxx_unrestricted_unions
    Feature record: CXX_FEATURE:1cxx_user_literals
    Feature record: CXX_FEATURE:0cxx_variable_templates
    Feature record: CXX_FEATURE:1cxx_variadic_macros
    Feature record: CXX_FEATURE:1cxx_variadic_templates


Detecting CXX [-std=c++98] compiler features compiled with the following output:
Change Dir: /home/don_vanchos/CAPSYS/libs/MathGL/mathgl-2.4.1-linux-build//CMakeFiles/CMakeTmp

Run Build Command:"/usr/bin/make" "cmTC_c519f/fast"
/usr/bin/make -f CMakeFiles/cmTC_c519f.dir/build.make CMakeFiles/cmTC_c519f.dir/build
make[1]: Entering directory '/home/don_vanchos/CAPSYS/libs/MathGL/mathgl-2.4.1-linux-build/CMakeFiles/CMakeTmp'
Building CXX object CMakeFiles/cmTC_c519f.dir/feature_tests.cxx.o
/usr/bin/c++     -std=c++98 -o CMakeFiles/cmTC_c519f.dir/feature_tests.cxx.o -c /home/don_vanchos/CAPSYS/libs/MathGL/mathgl-2.4.1-linux-build/CMakeFiles/feature_tests.cxx
Linking CXX executable cmTC_c519f
/usr/bin/cmake -E cmake_link_script CMakeFiles/cmTC_c519f.dir/link.txt --verbose=1
/usr/bin/c++        CMakeFiles/cmTC_c519f.dir/feature_tests.cxx.o  -o cmTC_c519f -rdynamic 
make[1]: Leaving directory '/home/don_vanchos/CAPSYS/libs/MathGL/mathgl-2.4.1-linux-build/CMakeFiles/CMakeTmp'


    Feature record: CXX_FEATURE:0cxx_aggregate_default_initializers
    Feature record: CXX_FEATURE:0cxx_alias_templates
    Feature record: CXX_FEATURE:0cxx_alignas
    Feature record: CXX_FEATURE:0cxx_alignof
    Feature record: CXX_FEATURE:0cxx_attributes
    Feature record: CXX_FEATURE:0cxx_attribute_deprecated
    Feature record: CXX_FEATURE:0cxx_auto_type
    Feature record: CXX_FEATURE:0cxx_binary_literals
    Feature record: CXX_FEATURE:0cxx_constexpr
    Feature record: CXX_FEATURE:0cxx_contextual_conversions
    Feature record: CXX_FEATURE:0cxx_decltype
    Feature record: CXX_FEATURE:0cxx_decltype_auto
    Feature record: CXX_FEATURE:0cxx_decltype_incomplete_return_types
    Feature record: CXX_FEATURE:0cxx_default_function_template_args
    Feature record: CXX_FEATURE:0cxx_defaulted_functions
    Feature record: CXX_FEATURE:0cxx_defaulted_move_initializers
    Feature record: CXX_FEATURE:0cxx_delegating_constructors
    Feature record: CXX_FEATURE:0cxx_deleted_functions
    Feature record: CXX_FEATURE:0cxx_digit_separators
    Feature record: CXX_FEATURE:0cxx_enum_forward_declarations
    Feature record: CXX_FEATURE:0cxx_explicit_conversions
    Feature record: CXX_FEATURE:0cxx_extended_friend_declarations
    Feature record: CXX_FEATURE:0cxx_extern_templates
    Feature record: CXX_FEATURE:0cxx_final
    Feature record: CXX_FEATURE:0cxx_func_identifier
    Feature record: CXX_FEATURE:0cxx_generalized_initializers
    Feature record: CXX_FEATURE:0cxx_generic_lambdas
    Feature record: CXX_FEATURE:0cxx_inheriting_constructors
    Feature record: CXX_FEATURE:0cxx_inline_namespaces
    Feature record: CXX_FEATURE:0cxx_lambdas
    Feature record: CXX_FEATURE:0cxx_lambda_init_captures
    Feature record: CXX_FEATURE:0cxx_local_type_template_args
    Feature record: CXX_FEATURE:0cxx_long_long_type
    Feature record: CXX_FEATURE:0cxx_noexcept
    Feature record: CXX_FEATURE:0cxx_nonstatic_member_init
    Feature record: CXX_FEATURE:0cxx_nullptr
    Feature record: CXX_FEATURE:0cxx_override
    Feature record: CXX_FEATURE:0cxx_range_for
    Feature record: CXX_FEATURE:0cxx_raw_string_literals
    Feature record: CXX_FEATURE:0cxx_reference_qualified_functions
    Feature record: CXX_FEATURE:0cxx_relaxed_constexpr
    Feature record: CXX_FEATURE:0cxx_return_type_deduction
    Feature record: CXX_FEATURE:0cxx_right_angle_brackets
    Feature record: CXX_FEATURE:0cxx_rvalue_references
    Feature record: CXX_FEATURE:0cxx_sizeof_member
    Feature record: CXX_FEATURE:0cxx_static_assert
    Feature record: CXX_FEATURE:0cxx_strong_enums
    Feature record: CXX_FEATURE:1cxx_template_template_parameters
    Feature record: CXX_FEATURE:0cxx_thread_local
    Feature record: CXX_FEATURE:0cxx_trailing_return_types
    Feature record: CXX_FEATURE:0cxx_unicode_literals
    Feature record: CXX_FEATURE:0cxx_uniform_initialization
    Feature record: CXX_FEATURE:0cxx_unrestricted_unions
    Feature record: CXX_FEATURE:0cxx_user_literals
    Feature record: CXX_FEATURE:0cxx_variable_templates
    Feature record: CXX_FEATURE:0cxx_variadic_macros
    Feature record: CXX_FEATURE:0cxx_variadic_templates
Determining if the include file sys/types.h exists passed with the following output:
Change Dir: /home/don_vanchos/CAPSYS/libs/MathGL/mathgl-2.4.1-linux-build//CMakeFiles/CMakeTmp

Run Build Command:"/usr/bin/make" "cmTC_796dd/fast"
/usr/bin/make -f CMakeFiles/cmTC_796dd.dir/build.make CMakeFiles/cmTC_796dd.dir/build
make[1]: Entering directory '/home/don_vanchos/CAPSYS/libs/MathGL/mathgl-2.4.1-linux-build/CMakeFiles/CMakeTmp'
Building C object CMakeFiles/cmTC_796dd.dir/CheckIncludeFile.c.o
/usr/bin/cc     -o CMakeFiles/cmTC_796dd.dir/CheckIncludeFile.c.o   -c /home/don_vanchos/CAPSYS/libs/MathGL/mathgl-2.4.1-linux-build/CMakeFiles/CMakeTmp/CheckIncludeFile.c
Linking C executable cmTC_796dd
/usr/bin/cmake -E cmake_link_script CMakeFiles/cmTC_796dd.dir/link.txt --verbose=1
/usr/bin/cc       CMakeFiles/cmTC_796dd.dir/CheckIncludeFile.c.o  -o cmTC_796dd -rdynamic 
make[1]: Leaving directory '/home/don_vanchos/CAPSYS/libs/MathGL/mathgl-2.4.1-linux-build/CMakeFiles/CMakeTmp'


Determining if the include file stdint.h exists passed with the following output:
Change Dir: /home/don_vanchos/CAPSYS/libs/MathGL/mathgl-2.4.1-linux-build//CMakeFiles/CMakeTmp

Run Build Command:"/usr/bin/make" "cmTC_c94aa/fast"
/usr/bin/make -f CMakeFiles/cmTC_c94aa.dir/build.make CMakeFiles/cmTC_c94aa.dir/build
make[1]: Entering directory '/home/don_vanchos/CAPSYS/libs/MathGL/mathgl-2.4.1-linux-build/CMakeFiles/CMakeTmp'
Building C object CMakeFiles/cmTC_c94aa.dir/CheckIncludeFile.c.o
/usr/bin/cc     -o CMakeFiles/cmTC_c94aa.dir/CheckIncludeFile.c.o   -c /home/don_vanchos/CAPSYS/libs/MathGL/mathgl-2.4.1-linux-build/CMakeFiles/CMakeTmp/CheckIncludeFile.c
Linking C executable cmTC_c94aa
/usr/bin/cmake -E cmake_link_script CMakeFiles/cmTC_c94aa.dir/link.txt --verbose=1
/usr/bin/cc       CMakeFiles/cmTC_c94aa.dir/CheckIncludeFile.c.o  -o cmTC_c94aa -rdynamic 
make[1]: Leaving directory '/home/don_vanchos/CAPSYS/libs/MathGL/mathgl-2.4.1-linux-build/CMakeFiles/CMakeTmp'


Determining if the include file stddef.h exists passed with the following output:
Change Dir: /home/don_vanchos/CAPSYS/libs/MathGL/mathgl-2.4.1-linux-build//CMakeFiles/CMakeTmp

Run Build Command:"/usr/bin/make" "cmTC_0d6ac/fast"
/usr/bin/make -f CMakeFiles/cmTC_0d6ac.dir/build.make CMakeFiles/cmTC_0d6ac.dir/build
make[1]: Entering directory '/home/don_vanchos/CAPSYS/libs/MathGL/mathgl-2.4.1-linux-build/CMakeFiles/CMakeTmp'
Building C object CMakeFiles/cmTC_0d6ac.dir/CheckIncludeFile.c.o
/usr/bin/cc     -o CMakeFiles/cmTC_0d6ac.dir/CheckIncludeFile.c.o   -c /home/don_vanchos/CAPSYS/libs/MathGL/mathgl-2.4.1-linux-build/CMakeFiles/CMakeTmp/CheckIncludeFile.c
Linking C executable cmTC_0d6ac
/usr/bin/cmake -E cmake_link_script CMakeFiles/cmTC_0d6ac.dir/link.txt --verbose=1
/usr/bin/cc       CMakeFiles/cmTC_0d6ac.dir/CheckIncludeFile.c.o  -o cmTC_0d6ac -rdynamic 
make[1]: Leaving directory '/home/don_vanchos/CAPSYS/libs/MathGL/mathgl-2.4.1-linux-build/CMakeFiles/CMakeTmp'


Determining size of unsigned short passed with the following output:
Change Dir: /home/don_vanchos/CAPSYS/libs/MathGL/mathgl-2.4.1-linux-build//CMakeFiles/CMakeTmp

Run Build Command:"/usr/bin/make" "cmTC_74bbf/fast"
/usr/bin/make -f CMakeFiles/cmTC_74bbf.dir/build.make CMakeFiles/cmTC_74bbf.dir/build
make[1]: Entering directory '/home/don_vanchos/CAPSYS/libs/MathGL/mathgl-2.4.1-linux-build/CMakeFiles/CMakeTmp'
Building C object CMakeFiles/cmTC_74bbf.dir/CMAKE_SIZEOF_UNSIGNED_SHORT.c.o
/usr/bin/cc     -o CMakeFiles/cmTC_74bbf.dir/CMAKE_SIZEOF_UNSIGNED_SHORT.c.o   -c /home/don_vanchos/CAPSYS/libs/MathGL/mathgl-2.4.1-linux-build/CMakeFiles/CheckTypeSize/CMAKE_SIZEOF_UNSIGNED_SHORT.c
Linking C executable cmTC_74bbf
/usr/bin/cmake -E cmake_link_script CMakeFiles/cmTC_74bbf.dir/link.txt --verbose=1
/usr/bin/cc       CMakeFiles/cmTC_74bbf.dir/CMAKE_SIZEOF_UNSIGNED_SHORT.c.o  -o cmTC_74bbf -rdynamic 
make[1]: Leaving directory '/home/don_vanchos/CAPSYS/libs/MathGL/mathgl-2.4.1-linux-build/CMakeFiles/CMakeTmp'


Determining if the system is big endian passed with the following output:
Change Dir: /home/don_vanchos/CAPSYS/libs/MathGL/mathgl-2.4.1-linux-build//CMakeFiles/CMakeTmp

Run Build Command:"/usr/bin/make" "cmTC_e36d1/fast"
/usr/bin/make -f CMakeFiles/cmTC_e36d1.dir/build.make CMakeFiles/cmTC_e36d1.dir/build
make[1]: Entering directory '/home/don_vanchos/CAPSYS/libs/MathGL/mathgl-2.4.1-linux-build/CMakeFiles/CMakeTmp'
Building C object CMakeFiles/cmTC_e36d1.dir/TestEndianess.c.o
/usr/bin/cc     -o CMakeFiles/cmTC_e36d1.dir/TestEndianess.c.o   -c /home/don_vanchos/CAPSYS/libs/MathGL/mathgl-2.4.1-linux-build/CMakeFiles/CMakeTmp/TestEndianess.c
Linking C executable cmTC_e36d1
/usr/bin/cmake -E cmake_link_script CMakeFiles/cmTC_e36d1.dir/link.txt --verbose=1
/usr/bin/cc       CMakeFiles/cmTC_e36d1.dir/TestEndianess.c.o  -o cmTC_e36d1 -rdynamic 
make[1]: Leaving directory '/home/don_vanchos/CAPSYS/libs/MathGL/mathgl-2.4.1-linux-build/CMakeFiles/CMakeTmp'

TestEndianess.c:
/* A 16 bit integer is required. */
typedef unsigned short cmakeint16;

/* On a little endian machine, these 16bit ints will give "THIS IS LITTLE ENDIAN."
   On a big endian machine the characters will be exchanged pairwise. */
const cmakeint16 info_little[] =  {0x4854, 0x5349, 0x4920, 0x2053, 0x494c, 0x5454, 0x454c, 0x4520, 0x444e, 0x4149, 0x2e4e, 0x0000};

/* on a big endian machine, these 16bit ints will give "THIS IS BIG ENDIAN."
   On a little endian machine the characters will be exchanged pairwise. */
const cmakeint16 info_big[] =     {0x5448, 0x4953, 0x2049, 0x5320, 0x4249, 0x4720, 0x454e, 0x4449, 0x414e, 0x2e2e, 0x0000};

#ifdef __CLASSIC_C__
int main(argc, argv) int argc; char *argv[];
#else
int main(int argc, char *argv[])
#endif
{
  int require = 0;
  require += info_little[argc];
  require += info_big[argc];
  (void)argv;
  return require;
}


Determining if the function memrchr exists passed with the following output:
Change Dir: /home/don_vanchos/CAPSYS/libs/MathGL/mathgl-2.4.1-linux-build//CMakeFiles/CMakeTmp

Run Build Command:"/usr/bin/make" "cmTC_e9f7e/fast"
/usr/bin/make -f CMakeFiles/cmTC_e9f7e.dir/build.make CMakeFiles/cmTC_e9f7e.dir/build
make[1]: Entering directory '/home/don_vanchos/CAPSYS/libs/MathGL/mathgl-2.4.1-linux-build/CMakeFiles/CMakeTmp'
Building C object CMakeFiles/cmTC_e9f7e.dir/CheckFunctionExists.c.o
/usr/bin/cc    -DCHECK_FUNCTION_EXISTS=memrchr   -o CMakeFiles/cmTC_e9f7e.dir/CheckFunctionExists.c.o   -c /usr/share/cmake-3.7/Modules/CheckFunctionExists.c
Linking C executable cmTC_e9f7e
/usr/bin/cmake -E cmake_link_script CMakeFiles/cmTC_e9f7e.dir/link.txt --verbose=1
/usr/bin/cc   -DCHECK_FUNCTION_EXISTS=memrchr    CMakeFiles/cmTC_e9f7e.dir/CheckFunctionExists.c.o  -o cmTC_e9f7e -rdynamic 
make[1]: Leaving directory '/home/don_vanchos/CAPSYS/libs/MathGL/mathgl-2.4.1-linux-build/CMakeFiles/CMakeTmp'


Determining if the function sin exists passed with the following output:
Change Dir: /home/don_vanchos/CAPSYS/libs/MathGL/mathgl-2.4.1-linux-build//CMakeFiles/CMakeTmp

Run Build Command:"/usr/bin/make" "cmTC_83b63/fast"
/usr/bin/make -f CMakeFiles/cmTC_83b63.dir/build.make CMakeFiles/cmTC_83b63.dir/build
make[1]: Entering directory '/home/don_vanchos/CAPSYS/libs/MathGL/mathgl-2.4.1-linux-build/CMakeFiles/CMakeTmp'
Building C object CMakeFiles/cmTC_83b63.dir/CheckFunctionExists.c.o
/usr/bin/cc    -DCHECK_FUNCTION_EXISTS=sin   -o CMakeFiles/cmTC_83b63.dir/CheckFunctionExists.c.o   -c /usr/share/cmake-3.7/Modules/CheckFunctionExists.c
<command-line>:0:23: warning: conflicting types for built-in function sin
/usr/share/cmake-3.7/Modules/CheckFunctionExists.c:7:3: note: in expansion of macro CHECK_FUNCTION_EXISTS
   CHECK_FUNCTION_EXISTS();
   ^~~~~~~~~~~~~~~~~~~~~
Linking C executable cmTC_83b63
/usr/bin/cmake -E cmake_link_script CMakeFiles/cmTC_83b63.dir/link.txt --verbose=1
/usr/bin/cc   -DCHECK_FUNCTION_EXISTS=sin    CMakeFiles/cmTC_83b63.dir/CheckFunctionExists.c.o  -o cmTC_83b63 -rdynamic -lm 
make[1]: Leaving directory '/home/don_vanchos/CAPSYS/libs/MathGL/mathgl-2.4.1-linux-build/CMakeFiles/CMakeTmp'


Determining size of long passed with the following output:
Change Dir: /home/don_vanchos/CAPSYS/libs/MathGL/mathgl-2.4.1-linux-build//CMakeFiles/CMakeTmp

Run Build Command:"/usr/bin/make" "cmTC_dc632/fast"
/usr/bin/make -f CMakeFiles/cmTC_dc632.dir/build.make CMakeFiles/cmTC_dc632.dir/build
make[1]: Entering directory '/home/don_vanchos/CAPSYS/libs/MathGL/mathgl-2.4.1-linux-build/CMakeFiles/CMakeTmp'
Building C object CMakeFiles/cmTC_dc632.dir/SIZEOF_LONG.c.o
/usr/bin/cc     -o CMakeFiles/cmTC_dc632.dir/SIZEOF_LONG.c.o   -c /home/don_vanchos/CAPSYS/libs/MathGL/mathgl-2.4.1-linux-build/CMakeFiles/CheckTypeSize/SIZEOF_LONG.c
Linking C executable cmTC_dc632
/usr/bin/cmake -E cmake_link_script CMakeFiles/cmTC_dc632.dir/link.txt --verbose=1
/usr/bin/cc       CMakeFiles/cmTC_dc632.dir/SIZEOF_LONG.c.o  -o cmTC_dc632 -rdynamic 
make[1]: Leaving directory '/home/don_vanchos/CAPSYS/libs/MathGL/mathgl-2.4.1-linux-build/CMakeFiles/CMakeTmp'


Performing C++ SOURCE FILE Test MGL_HAVE_C99_COMPLEX succeeded with the following output:
Change Dir: /home/don_vanchos/CAPSYS/libs/MathGL/mathgl-2.4.1-linux-build//CMakeFiles/CMakeTmp

Run Build Command:"/usr/bin/make" "cmTC_114d2/fast"
/usr/bin/make -f CMakeFiles/cmTC_114d2.dir/build.make CMakeFiles/cmTC_114d2.dir/build
make[1]: Entering directory '/home/don_vanchos/CAPSYS/libs/MathGL/mathgl-2.4.1-linux-build/CMakeFiles/CMakeTmp'
Building CXX object CMakeFiles/cmTC_114d2.dir/src.cxx.o
/usr/bin/c++     -DMGL_HAVE_C99_COMPLEX   -o CMakeFiles/cmTC_114d2.dir/src.cxx.o -c /home/don_vanchos/CAPSYS/libs/MathGL/mathgl-2.4.1-linux-build/CMakeFiles/CMakeTmp/src.cxx
Linking CXX executable cmTC_114d2
/usr/bin/cmake -E cmake_link_script CMakeFiles/cmTC_114d2.dir/link.txt --verbose=1
/usr/bin/c++    -DMGL_HAVE_C99_COMPLEX    CMakeFiles/cmTC_114d2.dir/src.cxx.o  -o cmTC_114d2 -rdynamic 
make[1]: Leaving directory '/home/don_vanchos/CAPSYS/libs/MathGL/mathgl-2.4.1-linux-build/CMakeFiles/CMakeTmp'

Source file was:
#include <complex>
#include <complex.h>
int main(int argc, char *args[])
{std::complex<double> c(2.0, 1.0);
double _Complex i=1.0i;
double _Complex *a = reinterpret_cast<double _Complex *>(&c);
std::complex<double> b(*a);return 0;}
Performing C++ SOURCE FILE Test MGL_HAVE_NAN_INF succeeded with the following output:
Change Dir: /home/don_vanchos/CAPSYS/libs/MathGL/mathgl-2.4.1-linux-build//CMakeFiles/CMakeTmp

Run Build Command:"/usr/bin/make" "cmTC_f1b38/fast"
/usr/bin/make -f CMakeFiles/cmTC_f1b38.dir/build.make CMakeFiles/cmTC_f1b38.dir/build
make[1]: Entering directory '/home/don_vanchos/CAPSYS/libs/MathGL/mathgl-2.4.1-linux-build/CMakeFiles/CMakeTmp'
Building CXX object CMakeFiles/cmTC_f1b38.dir/src.cxx.o
/usr/bin/c++     -DMGL_HAVE_NAN_INF   -o CMakeFiles/cmTC_f1b38.dir/src.cxx.o -c /home/don_vanchos/CAPSYS/libs/MathGL/mathgl-2.4.1-linux-build/CMakeFiles/CMakeTmp/src.cxx
Linking CXX executable cmTC_f1b38
/usr/bin/cmake -E cmake_link_script CMakeFiles/cmTC_f1b38.dir/link.txt --verbose=1
/usr/bin/c++    -DMGL_HAVE_NAN_INF    CMakeFiles/cmTC_f1b38.dir/src.cxx.o  -o cmTC_f1b38 -rdynamic 
make[1]: Leaving directory '/home/don_vanchos/CAPSYS/libs/MathGL/mathgl-2.4.1-linux-build/CMakeFiles/CMakeTmp'

Source file was:
#include <math.h>
int main(){double a=NAN, b=INFINITY;return 0;}
Performing C++ SOURCE FILE Test MGL_HAVE_ATTRIBUTE succeeded with the following output:
Change Dir: /home/don_vanchos/CAPSYS/libs/MathGL/mathgl-2.4.1-linux-build//CMakeFiles/CMakeTmp

Run Build Command:"/usr/bin/make" "cmTC_2fc2c/fast"
/usr/bin/make -f CMakeFiles/cmTC_2fc2c.dir/build.make CMakeFiles/cmTC_2fc2c.dir/build
make[1]: Entering directory '/home/don_vanchos/CAPSYS/libs/MathGL/mathgl-2.4.1-linux-build/CMakeFiles/CMakeTmp'
Building CXX object CMakeFiles/cmTC_2fc2c.dir/src.cxx.o
/usr/bin/c++     -DMGL_HAVE_ATTRIBUTE   -o CMakeFiles/cmTC_2fc2c.dir/src.cxx.o -c /home/don_vanchos/CAPSYS/libs/MathGL/mathgl-2.4.1-linux-build/CMakeFiles/CMakeTmp/src.cxx
Linking CXX executable cmTC_2fc2c
/usr/bin/cmake -E cmake_link_script CMakeFiles/cmTC_2fc2c.dir/link.txt --verbose=1
/usr/bin/c++    -DMGL_HAVE_ATTRIBUTE    CMakeFiles/cmTC_2fc2c.dir/src.cxx.o  -o cmTC_2fc2c -rdynamic 
make[1]: Leaving directory '/home/don_vanchos/CAPSYS/libs/MathGL/mathgl-2.4.1-linux-build/CMakeFiles/CMakeTmp'

Source file was:
int __attribute__((pure)) test1() {return 0;}
int __attribute__((const)) test2(int x) {return x*x;}
int main(int argc, char* argv[]) {return 0;}
Performing C++ SOURCE FILE Test MGL_HAVE_GETOPT succeeded with the following output:
Change Dir: /home/don_vanchos/CAPSYS/libs/MathGL/mathgl-2.4.1-linux-build//CMakeFiles/CMakeTmp

Run Build Command:"/usr/bin/make" "cmTC_977aa/fast"
/usr/bin/make -f CMakeFiles/cmTC_977aa.dir/build.make CMakeFiles/cmTC_977aa.dir/build
make[1]: Entering directory '/home/don_vanchos/CAPSYS/libs/MathGL/mathgl-2.4.1-linux-build/CMakeFiles/CMakeTmp'
Building CXX object CMakeFiles/cmTC_977aa.dir/src.cxx.o
/usr/bin/c++     -DMGL_HAVE_GETOPT   -o CMakeFiles/cmTC_977aa.dir/src.cxx.o -c /home/don_vanchos/CAPSYS/libs/MathGL/mathgl-2.4.1-linux-build/CMakeFiles/CMakeTmp/src.cxx
Linking CXX executable cmTC_977aa
/usr/bin/cmake -E cmake_link_script CMakeFiles/cmTC_977aa.dir/link.txt --verbose=1
/usr/bin/c++    -DMGL_HAVE_GETOPT    CMakeFiles/cmTC_977aa.dir/src.cxx.o  -o cmTC_977aa -rdynamic 
make[1]: Leaving directory '/home/don_vanchos/CAPSYS/libs/MathGL/mathgl-2.4.1-linux-build/CMakeFiles/CMakeTmp'

Source file was:
#include <getopt.h>
int main(int argc, char *args[]) {
int ch = getopt(argc, args, "1:2:3:4:5:6:7:8:9:hno:L:C:A:s:S:q:"); return 0; }
Performing C SOURCE FILE Test OpenMP_FLAG_DETECTED succeeded with the following output:
Change Dir: /home/don_vanchos/CAPSYS/libs/MathGL/mathgl-2.4.1-linux-build//CMakeFiles/CMakeTmp

Run Build Command:"/usr/bin/make" "cmTC_393f8/fast"
/usr/bin/make -f CMakeFiles/cmTC_393f8.dir/build.make CMakeFiles/cmTC_393f8.dir/build
make[1]: Entering directory '/home/don_vanchos/CAPSYS/libs/MathGL/mathgl-2.4.1-linux-build/CMakeFiles/CMakeTmp'
Building C object CMakeFiles/cmTC_393f8.dir/src.c.o
/usr/bin/cc    -DOpenMP_FLAG_DETECTED -fopenmp   -o CMakeFiles/cmTC_393f8.dir/src.c.o   -c /home/don_vanchos/CAPSYS/libs/MathGL/mathgl-2.4.1-linux-build/CMakeFiles/CMakeTmp/src.c
Linking C executable cmTC_393f8
/usr/bin/cmake -E cmake_link_script CMakeFiles/cmTC_393f8.dir/link.txt --verbose=1
/usr/bin/cc   -DOpenMP_FLAG_DETECTED -fopenmp    CMakeFiles/cmTC_393f8.dir/src.c.o  -o cmTC_393f8 -rdynamic 
make[1]: Leaving directory '/home/don_vanchos/CAPSYS/libs/MathGL/mathgl-2.4.1-linux-build/CMakeFiles/CMakeTmp'

Source file was:

#include <omp.h>
int main() {
#ifdef _OPENMP
  return 0;
#else
  breaks_on_purpose
#endif
}

Performing C++ SOURCE FILE Test OpenMP_FLAG_DETECTED succeeded with the following output:
Change Dir: /home/don_vanchos/CAPSYS/libs/MathGL/mathgl-2.4.1-linux-build//CMakeFiles/CMakeTmp

Run Build Command:"/usr/bin/make" "cmTC_10512/fast"
/usr/bin/make -f CMakeFiles/cmTC_10512.dir/build.make CMakeFiles/cmTC_10512.dir/build
make[1]: Entering directory '/home/don_vanchos/CAPSYS/libs/MathGL/mathgl-2.4.1-linux-build/CMakeFiles/CMakeTmp'
Building CXX object CMakeFiles/cmTC_10512.dir/src.cxx.o
/usr/bin/c++     -DOpenMP_FLAG_DETECTED -fopenmp   -o CMakeFiles/cmTC_10512.dir/src.cxx.o -c /home/don_vanchos/CAPSYS/libs/MathGL/mathgl-2.4.1-linux-build/CMakeFiles/CMakeTmp/src.cxx
Linking CXX executable cmTC_10512
/usr/bin/cmake -E cmake_link_script CMakeFiles/cmTC_10512.dir/link.txt --verbose=1
/usr/bin/c++    -DOpenMP_FLAG_DETECTED -fopenmp    CMakeFiles/cmTC_10512.dir/src.cxx.o  -o cmTC_10512 -rdynamic 
make[1]: Leaving directory '/home/don_vanchos/CAPSYS/libs/MathGL/mathgl-2.4.1-linux-build/CMakeFiles/CMakeTmp'

Source file was:

#include <omp.h>
int main() {
#ifdef _OPENMP
  return 0;
#else
  breaks_on_purpose
#endif
}

Determining if the include file pthread.h exists passed with the following output:
Change Dir: /home/don_vanchos/CAPSYS/libs/MathGL/mathgl-2.4.1-linux-build//CMakeFiles/CMakeTmp

Run Build Command:"/usr/bin/make" "cmTC_d7283/fast"
/usr/bin/make -f CMakeFiles/cmTC_d7283.dir/build.make CMakeFiles/cmTC_d7283.dir/build
make[1]: Entering directory '/home/don_vanchos/CAPSYS/libs/MathGL/mathgl-2.4.1-linux-build/CMakeFiles/CMakeTmp'
Building C object CMakeFiles/cmTC_d7283.dir/CheckIncludeFile.c.o
/usr/bin/cc    -fopenmp    -o CMakeFiles/cmTC_d7283.dir/CheckIncludeFile.c.o   -c /home/don_vanchos/CAPSYS/libs/MathGL/mathgl-2.4.1-linux-build/CMakeFiles/CMakeTmp/CheckIncludeFile.c
Linking C executable cmTC_d7283
/usr/bin/cmake -E cmake_link_script CMakeFiles/cmTC_d7283.dir/link.txt --verbose=1
/usr/bin/cc   -fopenmp     CMakeFiles/cmTC_d7283.dir/CheckIncludeFile.c.o  -o cmTC_d7283 -rdynamic 
make[1]: Leaving directory '/home/don_vanchos/CAPSYS/libs/MathGL/mathgl-2.4.1-linux-build/CMakeFiles/CMakeTmp'


Determining if the pthread_create exist passed with the following output:
Change Dir: /home/don_vanchos/CAPSYS/libs/MathGL/mathgl-2.4.1-linux-build//CMakeFiles/CMakeTmp

Run Build Command:"/usr/bin/make" "cmTC_3ceff/fast"
/usr/bin/make -f CMakeFiles/cmTC_3ceff.dir/build.make CMakeFiles/cmTC_3ceff.dir/build
make[1]: Entering directory '/home/don_vanchos/CAPSYS/libs/MathGL/mathgl-2.4.1-linux-build/CMakeFiles/CMakeTmp'
Building C object CMakeFiles/cmTC_3ceff.dir/CheckSymbolExists.c.o
/usr/bin/cc    -fopenmp    -o CMakeFiles/cmTC_3ceff.dir/CheckSymbolExists.c.o   -c /home/don_vanchos/CAPSYS/libs/MathGL/mathgl-2.4.1-linux-build/CMakeFiles/CMakeTmp/CheckSymbolExists.c
Linking C executable cmTC_3ceff
/usr/bin/cmake -E cmake_link_script CMakeFiles/cmTC_3ceff.dir/link.txt --verbose=1
/usr/bin/cc   -fopenmp     CMakeFiles/cmTC_3ceff.dir/CheckSymbolExists.c.o  -o cmTC_3ceff -rdynamic 
make[1]: Leaving directory '/home/don_vanchos/CAPSYS/libs/MathGL/mathgl-2.4.1-linux-build/CMakeFiles/CMakeTmp'

File /home/don_vanchos/CAPSYS/libs/MathGL/mathgl-2.4.1-linux-build//CMakeFiles/CMakeTmp/CheckSymbolExists.c:
/* */
#include <pthread.h>

int main(int argc, char** argv)
{
  (void)argv;
#ifndef pthread_create
  return ((int*)(&pthread_create))[argc];
#else
  (void)argc;
  return 0;
#endif
}

Performing C++ SOURCE FILE Test COMPILER_HAS_HIDDEN_VISIBILITY succeeded with the following output:
Change Dir: /home/don_vanchos/CAPSYS/libs/MathGL/mathgl-2.4.1-linux-build/CMakeFiles/CMakeTmp

Run Build Command:"/usr/bin/make" "cmTC_43b22/fast"
/usr/bin/make -f CMakeFiles/cmTC_43b22.dir/build.make CMakeFiles/cmTC_43b22.dir/build
make[1]: Entering directory '/home/don_vanchos/CAPSYS/libs/MathGL/mathgl-2.4.1-linux-build/CMakeFiles/CMakeTmp'
Building CXX object CMakeFiles/cmTC_43b22.dir/src.cxx.o
/usr/bin/c++     -fopenmp -DCOMPILER_HAS_HIDDEN_VISIBILITY   -fvisibility=hidden -o CMakeFiles/cmTC_43b22.dir/src.cxx.o -c /home/don_vanchos/CAPSYS/libs/MathGL/mathgl-2.4.1-linux-build/CMakeFiles/CMakeTmp/src.cxx
Linking CXX executable cmTC_43b22
/usr/bin/cmake -E cmake_link_script CMakeFiles/cmTC_43b22.dir/link.txt --verbose=1
/usr/bin/c++    -fopenmp -DCOMPILER_HAS_HIDDEN_VISIBILITY    CMakeFiles/cmTC_43b22.dir/src.cxx.o  -o cmTC_43b22 -rdynamic 
make[1]: Leaving directory '/home/don_vanchos/CAPSYS/libs/MathGL/mathgl-2.4.1-linux-build/CMakeFiles/CMakeTmp'

Source file was:
int main() { return 0; }
Performing C++ SOURCE FILE Test COMPILER_HAS_HIDDEN_INLINE_VISIBILITY succeeded with the following output:
Change Dir: /home/don_vanchos/CAPSYS/libs/MathGL/mathgl-2.4.1-linux-build/CMakeFiles/CMakeTmp

Run Build Command:"/usr/bin/make" "cmTC_dd9eb/fast"
/usr/bin/make -f CMakeFiles/cmTC_dd9eb.dir/build.make CMakeFiles/cmTC_dd9eb.dir/build
make[1]: Entering directory '/home/don_vanchos/CAPSYS/libs/MathGL/mathgl-2.4.1-linux-build/CMakeFiles/CMakeTmp'
Building CXX object CMakeFiles/cmTC_dd9eb.dir/src.cxx.o
/usr/bin/c++     -fopenmp -DCOMPILER_HAS_HIDDEN_INLINE_VISIBILITY   -fvisibility-inlines-hidden -o CMakeFiles/cmTC_dd9eb.dir/src.cxx.o -c /home/don_vanchos/CAPSYS/libs/MathGL/mathgl-2.4.1-linux-build/CMakeFiles/CMakeTmp/src.cxx
Linking CXX executable cmTC_dd9eb
/usr/bin/cmake -E cmake_link_script CMakeFiles/cmTC_dd9eb.dir/link.txt --verbose=1
/usr/bin/c++    -fopenmp -DCOMPILER_HAS_HIDDEN_INLINE_VISIBILITY    CMakeFiles/cmTC_dd9eb.dir/src.cxx.o  -o cmTC_dd9eb -rdynamic 
make[1]: Leaving directory '/home/don_vanchos/CAPSYS/libs/MathGL/mathgl-2.4.1-linux-build/CMakeFiles/CMakeTmp'

Source file was:
int main() { return 0; }
Performing C++ SOURCE FILE Test COMPILER_HAS_DEPRECATED_ATTR succeeded with the following output:
Change Dir: /home/don_vanchos/CAPSYS/libs/MathGL/mathgl-2.4.1-linux-build/CMakeFiles/CMakeTmp

Run Build Command:"/usr/bin/make" "cmTC_ba034/fast"
/usr/bin/make -f CMakeFiles/cmTC_ba034.dir/build.make CMakeFiles/cmTC_ba034.dir/build
make[1]: Entering directory '/home/don_vanchos/CAPSYS/libs/MathGL/mathgl-2.4.1-linux-build/CMakeFiles/CMakeTmp'
Building CXX object CMakeFiles/cmTC_ba034.dir/src.cxx.o
/usr/bin/c++     -fopenmp -DCOMPILER_HAS_DEPRECATED_ATTR   -o CMakeFiles/cmTC_ba034.dir/src.cxx.o -c /home/don_vanchos/CAPSYS/libs/MathGL/mathgl-2.4.1-linux-build/CMakeFiles/CMakeTmp/src.cxx
/home/don_vanchos/CAPSYS/libs/MathGL/mathgl-2.4.1-linux-build/CMakeFiles/CMakeTmp/src.cxx: In function int main():
/home/don_vanchos/CAPSYS/libs/MathGL/mathgl-2.4.1-linux-build/CMakeFiles/CMakeTmp/src.cxx:2:25: warning: int somefunc() is deprecated [-Wdeprecated-declarations]
     int main() { return somefunc();}
                         ^~~~~~~~
/home/don_vanchos/CAPSYS/libs/MathGL/mathgl-2.4.1-linux-build/CMakeFiles/CMakeTmp/src.cxx:1:37: note: declared here
 __attribute__((__deprecated__)) int somefunc() { return 0; }
                                     ^~~~~~~~
/home/don_vanchos/CAPSYS/libs/MathGL/mathgl-2.4.1-linux-build/CMakeFiles/CMakeTmp/src.cxx:2:34: warning: int somefunc() is deprecated [-Wdeprecated-declarations]
     int main() { return somefunc();}
                                  ^
/home/don_vanchos/CAPSYS/libs/MathGL/mathgl-2.4.1-linux-build/CMakeFiles/CMakeTmp/src.cxx:1:37: note: declared here
 __attribute__((__deprecated__)) int somefunc() { return 0; }
                                     ^~~~~~~~
Linking CXX executable cmTC_ba034
/usr/bin/cmake -E cmake_link_script CMakeFiles/cmTC_ba034.dir/link.txt --verbose=1
/usr/bin/c++    -fopenmp -DCOMPILER_HAS_DEPRECATED_ATTR    CMakeFiles/cmTC_ba034.dir/src.cxx.o  -o cmTC_ba034 -rdynamic 
make[1]: Leaving directory '/home/don_vanchos/CAPSYS/libs/MathGL/mathgl-2.4.1-linux-build/CMakeFiles/CMakeTmp'

Source file was:
__attribute__((__deprecated__)) int somefunc() { return 0; }
    int main() { return somefunc();}
