Determining if the function sin exists failed with the following output:
Change Dir: /home/don_vanchos/CAPSYS/libs/MathGL/mathgl-2.4.1-linux-build//CMakeFiles/CMakeTmp

Run Build Command:"/usr/bin/make" "cmTC_453db/fast"
/usr/bin/make -f CMakeFiles/cmTC_453db.dir/build.make CMakeFiles/cmTC_453db.dir/build
make[1]: Entering directory '/home/don_vanchos/CAPSYS/libs/MathGL/mathgl-2.4.1-linux-build/CMakeFiles/CMakeTmp'
Building C object CMakeFiles/cmTC_453db.dir/CheckFunctionExists.c.o
/usr/bin/cc    -DCHECK_FUNCTION_EXISTS=sin   -o CMakeFiles/cmTC_453db.dir/CheckFunctionExists.c.o   -c /usr/share/cmake-3.7/Modules/CheckFunctionExists.c
<command-line>:0:23: warning: conflicting types for built-in function ‘sin’
/usr/share/cmake-3.7/Modules/CheckFunctionExists.c:7:3: note: in expansion of macro ‘CHECK_FUNCTION_EXISTS’
   CHECK_FUNCTION_EXISTS();
   ^~~~~~~~~~~~~~~~~~~~~
Linking C executable cmTC_453db
/usr/bin/cmake -E cmake_link_script CMakeFiles/cmTC_453db.dir/link.txt --verbose=1
/usr/bin/cc   -DCHECK_FUNCTION_EXISTS=sin    CMakeFiles/cmTC_453db.dir/CheckFunctionExists.c.o  -o cmTC_453db -rdynamic 
CMakeFiles/cmTC_453db.dir/CheckFunctionExists.c.o: In function `main':
CheckFunctionExists.c:(.text+0x15): undefined reference to `sin'
collect2: error: ld returned 1 exit status
CMakeFiles/cmTC_453db.dir/build.make:97: recipe for target 'cmTC_453db' failed
make[1]: *** [cmTC_453db] Error 1
make[1]: Leaving directory '/home/don_vanchos/CAPSYS/libs/MathGL/mathgl-2.4.1-linux-build/CMakeFiles/CMakeTmp'
Makefile:126: recipe for target 'cmTC_453db/fast' failed
make: *** [cmTC_453db/fast] Error 2


